Compilación iniciada a las 17/06/2017 19:33:37.
     1>Proyecto "D:\upc\2017-1\Teoria de juegos\papu-framework-master\PapuEngine\PapuEngine.vcxproj" en el nodo 2 (Build destinos).
     1>ClCompile:
         C:\Program Files (x86)\Microsoft Visual Studio 14.0\VC\bin\CL.exe /c /ZI /nologo /W3 /WX- /sdl /Od /Oy- /D _MBCS /Gm /EHsc /RTC1 /MDd /GS /fp:precise /Zc:wchar_t /Zc:forScope /Zc:inline /Fo"Debug\\" /Fd"Debug\vc140.pdb" /Gd /TP /analyze- /errorReport:prompt Agent.cpp Bullet.cpp Camera2D.cpp Error.cpp GLS_Program.cpp Human.cpp ImageLoader.cpp InputManager.cpp IOManager.cpp Level.cpp main.cpp MainGame.cpp PapuEngine.cpp picoPNG.cpp Player.cpp ResourceManager.cpp Sprite.cpp SpriteBacth.cpp TextureCache.cpp Window.cpp Zombie.cpp
         Zombie.cpp
         Window.cpp
         TextureCache.cpp
         SpriteBacth.cpp
     1>d:\upc\2017-1\teoria de juegos\papu-framework-master\papuengine\spritebacth.cpp(15): warning C4018: '<': no coinciden signed/unsigned
     1>d:\upc\2017-1\teoria de juegos\papu-framework-master\papuengine\spritebacth.cpp(44): warning C4018: '<': no coinciden signed/unsigned
     1>d:\upc\2017-1\teoria de juegos\papu-framework-master\papuengine\spritebacth.cpp(72): warning C4018: '<': no coinciden signed/unsigned
         Sprite.cpp
         ResourceManager.cpp
         Player.cpp
         picoPNG.cpp
         PapuEngine.cpp
         MainGame.cpp
     1>d:\upc\2017-1\teoria de juegos\papu-framework-master\papuengine\maingame.cpp(68): warning C4018: '<': no coinciden signed/unsigned
     1>d:\upc\2017-1\teoria de juegos\papu-framework-master\papuengine\maingame.cpp(73): warning C4018: '<': no coinciden signed/unsigned
     1>d:\upc\2017-1\teoria de juegos\papu-framework-master\papuengine\maingame.cpp(78): warning C4018: '<': no coinciden signed/unsigned
     1>d:\upc\2017-1\teoria de juegos\papu-framework-master\papuengine\maingame.cpp(83): warning C4018: '<': no coinciden signed/unsigned
     1>d:\upc\2017-1\teoria de juegos\papu-framework-master\papuengine\maingame.cpp(88): warning C4018: '<': no coinciden signed/unsigned
     1>d:\upc\2017-1\teoria de juegos\papu-framework-master\papuengine\maingame.cpp(113): warning C4244: 'argumento': conversión de 'Sint32' a 'float'; posible pérdida de datos
     1>d:\upc\2017-1\teoria de juegos\papu-framework-master\papuengine\maingame.cpp(197): warning C4018: '<': no coinciden signed/unsigned
     1>d:\upc\2017-1\teoria de juegos\papu-framework-master\papuengine\maingame.cpp(208): warning C4018: '<': no coinciden signed/unsigned
     1>d:\upc\2017-1\teoria de juegos\papu-framework-master\papuengine\maingame.cpp(219): warning C4018: '<': no coinciden signed/unsigned
     1>d:\upc\2017-1\teoria de juegos\papu-framework-master\papuengine\maingame.cpp(230): warning C4018: '<': no coinciden signed/unsigned
     1>d:\upc\2017-1\teoria de juegos\papu-framework-master\papuengine\maingame.cpp(247): warning C4018: '<': no coinciden signed/unsigned
         main.cpp
         Level.cpp
     1>d:\upc\2017-1\teoria de juegos\papu-framework-master\papuengine\level.cpp(38): warning C4018: '<': no coinciden signed/unsigned
     1>d:\upc\2017-1\teoria de juegos\papu-framework-master\papuengine\level.cpp(40): warning C4018: '<': no coinciden signed/unsigned
     1>d:\upc\2017-1\teoria de juegos\papu-framework-master\papuengine\level.cpp(64): warning C4244: '=': conversión de 'int' a 'float'; posible pérdida de datos
     1>d:\upc\2017-1\teoria de juegos\papu-framework-master\papuengine\level.cpp(65): warning C4244: '=': conversión de 'int' a 'float'; posible pérdida de datos
         IOManager.cpp
     1>d:\upc\2017-1\teoria de juegos\papu-framework-master\papuengine\iomanager.cpp(15): warning C4244: 'inicializando': conversión de 'std::streamoff' a 'int'; posible pérdida de datos
     1>d:\upc\2017-1\teoria de juegos\papu-framework-master\papuengine\iomanager.cpp(18): warning C4244: '-=': conversión de 'std::streamoff' a 'int'; posible pérdida de datos
         InputManager.cpp
         ImageLoader.cpp
     1>d:\upc\2017-1\teoria de juegos\papu-framework-master\papuengine\imageloader.cpp(36): warning C4244: '=': conversión de 'unsigned long' a 'float'; posible pérdida de datos
     1>d:\upc\2017-1\teoria de juegos\papu-framework-master\papuengine\imageloader.cpp(37): warning C4244: '=': conversión de 'unsigned long' a 'float'; posible pérdida de datos
         Human.cpp
         GLS_Program.cpp
         Error.cpp
         Camera2D.cpp
         Bullet.cpp
         Generando código...
         Compilando...
         Agent.cpp
         Generando código...
       Link:
         C:\Program Files (x86)\Microsoft Visual Studio 14.0\VC\bin\link.exe /ERRORREPORT:PROMPT /OUT:"D:\upc\2017-1\Teoria de juegos\papu-framework-master\Debug\PapuEngine.exe" /INCREMENTAL /NOLOGO SDL2.lib SDL2main.lib glew32.lib opengl32.lib glew32s.lib kernel32.lib user32.lib gdi32.lib winspool.lib comdlg32.lib advapi32.lib shell32.lib ole32.lib oleaut32.lib uuid.lib odbc32.lib odbccp32.lib /MANIFEST /MANIFESTUAC:"level='asInvoker' uiAccess='false'" /manifest:embed /DEBUG:FASTLINK /PDB:"D:\upc\2017-1\Teoria de juegos\papu-framework-master\Debug\PapuEngine.pdb" /SUBSYSTEM:CONSOLE /TLBID:1 /DYNAMICBASE /NXCOMPAT /IMPLIB:"D:\upc\2017-1\Teoria de juegos\papu-framework-master\Debug\PapuEngine.lib" /MACHINE:X86 Debug\Agent.obj
         Debug\Bullet.obj
         Debug\Camera2D.obj
         Debug\Error.obj
         Debug\GLS_Program.obj
         Debug\Human.obj
         Debug\ImageLoader.obj
         Debug\InputManager.obj
         Debug\IOManager.obj
         Debug\Level.obj
         Debug\main.obj
         Debug\MainGame.obj
         Debug\PapuEngine.obj
         Debug\picoPNG.obj
         Debug\Player.obj
         Debug\ResourceManager.obj
         Debug\Sprite.obj
         Debug\SpriteBacth.obj
         Debug\TextureCache.obj
         Debug\Window.obj
         Debug\Zombie.obj
         PapuEngine.vcxproj -> D:\upc\2017-1\Teoria de juegos\papu-framework-master\Debug\PapuEngine.exe
     1>Compilación del proyecto terminada "D:\upc\2017-1\Teoria de juegos\papu-framework-master\PapuEngine\PapuEngine.vcxproj" (Build destinos).

Compilación correcta.

Tiempo transcurrido 00:00:20.69
